INFO:     Will watch for changes in these directories: ['/home/user/Development/code/phase-5/TechHub/backend']
INFO:     Uvicorn running on http://0.0.0.0:8000 (Press CTRL+C to quit)
INFO:     Started reloader process [103688] using StatReload
Form data requires "python-multipart" to be installed. 
You can install "python-multipart" with: 

pip install python-multipart

Process SpawnProcess-1:
Traceback (most recent call last):
  File "/usr/lib/python3.12/multiprocessing/process.py", line 314, in _bootstrap
    self.run()
  File "/usr/lib/python3.12/multiprocessing/process.py", line 108, in run
    self._target(*self._args, **self._kwargs)
  File "/home/user/.local/lib/python3.12/site-packages/uvicorn/_subprocess.py", line 78, in subprocess_started
    target(sockets=sockets)
  File "/home/user/.local/lib/python3.12/site-packages/uvicorn/server.py", line 62, in run
    return asyncio.run(self.serve(sockets=sockets))
           ^^^^^^^^^^^^^^^^^^^^^^^^^^^^^^^^^^^^^^^^
  File "/usr/lib/python3.12/asyncio/runners.py", line 194, in run
    return runner.run(main)
           ^^^^^^^^^^^^^^^^
  File "/usr/lib/python3.12/asyncio/runners.py", line 118, in run
    return self._loop.run_until_complete(task)
           ^^^^^^^^^^^^^^^^^^^^^^^^^^^^^^^^^^^
  File "/usr/lib/python3.12/asyncio/base_events.py", line 687, in run_until_complete
    return future.result()
           ^^^^^^^^^^^^^^^
  File "/home/user/.local/lib/python3.12/site-packages/uvicorn/server.py", line 69, in serve
    config.load()
  File "/home/user/.local/lib/python3.12/site-packages/uvicorn/config.py", line 458, in load
    self.loaded_app = import_from_string(self.app)
                      ^^^^^^^^^^^^^^^^^^^^^^^^^^^^
  File "/home/user/.local/lib/python3.12/site-packages/uvicorn/importer.py", line 21, in import_from_string
    module = importlib.import_module(module_str)
             ^^^^^^^^^^^^^^^^^^^^^^^^^^^^^^^^^^^
  File "/usr/lib/python3.12/importlib/__init__.py", line 90, in import_module
    return _bootstrap._gcd_import(name[level:], package, level)
           ^^^^^^^^^^^^^^^^^^^^^^^^^^^^^^^^^^^^^^^^^^^^^^^^^^^^
  File "<frozen importlib._bootstrap>", line 1387, in _gcd_import
  File "<frozen importlib._bootstrap>", line 1360, in _find_and_load
  File "<frozen importlib._bootstrap>", line 1331, in _find_and_load_unlocked
  File "<frozen importlib._bootstrap>", line 935, in _load_unlocked
  File "<frozen importlib._bootstrap_external>", line 995, in exec_module
  File "<frozen importlib._bootstrap>", line 488, in _call_with_frames_removed
  File "/home/user/Development/code/phase-5/TechHub/backend/app/main.py", line 6, in <module>
    from app.routes import auth, users, content, comments, categories, notifications, wishlist, admin_enhanced
  File "/home/user/Development/code/phase-5/TechHub/backend/app/routes/auth.py", line 278, in <module>
    @router.post("/upload-avatar")
     ^^^^^^^^^^^^^^^^^^^^^^^^^^^^^
  File "/home/user/.local/lib/python3.12/site-packages/fastapi/routing.py", line 944, in decorator
    self.add_api_route(
  File "/home/user/.local/lib/python3.12/site-packages/fastapi/routing.py", line 883, in add_api_route
    route = route_class(
            ^^^^^^^^^^^^
  File "/home/user/.local/lib/python3.12/site-packages/fastapi/routing.py", line 519, in __init__
    self.body_field = get_body_field(dependant=self.dependant, name=self.unique_id)
                      ^^^^^^^^^^^^^^^^^^^^^^^^^^^^^^^^^^^^^^^^^^^^^^^^^^^^^^^^^^^^^
  File "/home/user/.local/lib/python3.12/site-packages/fastapi/dependencies/utils.py", line 815, in get_body_field
    check_file_field(final_field)
  File "/home/user/.local/lib/python3.12/site-packages/fastapi/dependencies/utils.py", line 100, in check_file_field
    raise RuntimeError(multipart_not_installed_error) from None
RuntimeError: Form data requires "python-multipart" to be installed. 
You can install "python-multipart" with: 

pip install python-multipart

WARNING:  StatReload detected changes in 'app/routes/content.py'. Reloading...
Form data requires "python-multipart" to be installed. 
You can install "python-multipart" with: 

pip install python-multipart

Process SpawnProcess-2:
Traceback (most recent call last):
  File "/usr/lib/python3.12/multiprocessing/process.py", line 314, in _bootstrap
    self.run()
  File "/usr/lib/python3.12/multiprocessing/process.py", line 108, in run
    self._target(*self._args, **self._kwargs)
  File "/home/user/.local/lib/python3.12/site-packages/uvicorn/_subprocess.py", line 78, in subprocess_started
    target(sockets=sockets)
  File "/home/user/.local/lib/python3.12/site-packages/uvicorn/server.py", line 62, in run
    return asyncio.run(self.serve(sockets=sockets))
           ^^^^^^^^^^^^^^^^^^^^^^^^^^^^^^^^^^^^^^^^
  File "/usr/lib/python3.12/asyncio/runners.py", line 194, in run
    return runner.run(main)
           ^^^^^^^^^^^^^^^^
  File "/usr/lib/python3.12/asyncio/runners.py", line 118, in run
    return self._loop.run_until_complete(task)
           ^^^^^^^^^^^^^^^^^^^^^^^^^^^^^^^^^^^
  File "/usr/lib/python3.12/asyncio/base_events.py", line 687, in run_until_complete
    return future.result()
           ^^^^^^^^^^^^^^^
  File "/home/user/.local/lib/python3.12/site-packages/uvicorn/server.py", line 69, in serve
    config.load()
  File "/home/user/.local/lib/python3.12/site-packages/uvicorn/config.py", line 458, in load
    self.loaded_app = import_from_string(self.app)
                      ^^^^^^^^^^^^^^^^^^^^^^^^^^^^
  File "/home/user/.local/lib/python3.12/site-packages/uvicorn/importer.py", line 21, in import_from_string
    module = importlib.import_module(module_str)
             ^^^^^^^^^^^^^^^^^^^^^^^^^^^^^^^^^^^
  File "/usr/lib/python3.12/importlib/__init__.py", line 90, in import_module
    return _bootstrap._gcd_import(name[level:], package, level)
           ^^^^^^^^^^^^^^^^^^^^^^^^^^^^^^^^^^^^^^^^^^^^^^^^^^^^
  File "<frozen importlib._bootstrap>", line 1387, in _gcd_import
  File "<frozen importlib._bootstrap>", line 1360, in _find_and_load
  File "<frozen importlib._bootstrap>", line 1331, in _find_and_load_unlocked
  File "<frozen importlib._bootstrap>", line 935, in _load_unlocked
  File "<frozen importlib._bootstrap_external>", line 995, in exec_module
  File "<frozen importlib._bootstrap>", line 488, in _call_with_frames_removed
  File "/home/user/Development/code/phase-5/TechHub/backend/app/main.py", line 6, in <module>
    from app.routes import auth, users, content, comments, categories, notifications, wishlist, admin_enhanced
  File "/home/user/Development/code/phase-5/TechHub/backend/app/routes/auth.py", line 278, in <module>
    @router.post("/upload-avatar")
     ^^^^^^^^^^^^^^^^^^^^^^^^^^^^^
  File "/home/user/.local/lib/python3.12/site-packages/fastapi/routing.py", line 944, in decorator
    self.add_api_route(
  File "/home/user/.local/lib/python3.12/site-packages/fastapi/routing.py", line 883, in add_api_route
    route = route_class(
            ^^^^^^^^^^^^
  File "/home/user/.local/lib/python3.12/site-packages/fastapi/routing.py", line 519, in __init__
    self.body_field = get_body_field(dependant=self.dependant, name=self.unique_id)
                      ^^^^^^^^^^^^^^^^^^^^^^^^^^^^^^^^^^^^^^^^^^^^^^^^^^^^^^^^^^^^^
  File "/home/user/.local/lib/python3.12/site-packages/fastapi/dependencies/utils.py", line 815, in get_body_field
    check_file_field(final_field)
  File "/home/user/.local/lib/python3.12/site-packages/fastapi/dependencies/utils.py", line 100, in check_file_field
    raise RuntimeError(multipart_not_installed_error) from None
RuntimeError: Form data requires "python-multipart" to be installed. 
You can install "python-multipart" with: 

pip install python-multipart

WARNING:  StatReload detected changes in 'app/routes/content.py'. Reloading...
Form data requires "python-multipart" to be installed. 
You can install "python-multipart" with: 

pip install python-multipart

Process SpawnProcess-3:
Traceback (most recent call last):
  File "/usr/lib/python3.12/multiprocessing/process.py", line 314, in _bootstrap
    self.run()
  File "/usr/lib/python3.12/multiprocessing/process.py", line 108, in run
    self._target(*self._args, **self._kwargs)
  File "/home/user/.local/lib/python3.12/site-packages/uvicorn/_subprocess.py", line 78, in subprocess_started
    target(sockets=sockets)
  File "/home/user/.local/lib/python3.12/site-packages/uvicorn/server.py", line 62, in run
    return asyncio.run(self.serve(sockets=sockets))
           ^^^^^^^^^^^^^^^^^^^^^^^^^^^^^^^^^^^^^^^^
  File "/usr/lib/python3.12/asyncio/runners.py", line 194, in run
    return runner.run(main)
           ^^^^^^^^^^^^^^^^
  File "/usr/lib/python3.12/asyncio/runners.py", line 118, in run
    return self._loop.run_until_complete(task)
           ^^^^^^^^^^^^^^^^^^^^^^^^^^^^^^^^^^^
  File "/usr/lib/python3.12/asyncio/base_events.py", line 687, in run_until_complete
    return future.result()
           ^^^^^^^^^^^^^^^
  File "/home/user/.local/lib/python3.12/site-packages/uvicorn/server.py", line 69, in serve
    config.load()
  File "/home/user/.local/lib/python3.12/site-packages/uvicorn/config.py", line 458, in load
    self.loaded_app = import_from_string(self.app)
                      ^^^^^^^^^^^^^^^^^^^^^^^^^^^^
  File "/home/user/.local/lib/python3.12/site-packages/uvicorn/importer.py", line 21, in import_from_string
    module = importlib.import_module(module_str)
             ^^^^^^^^^^^^^^^^^^^^^^^^^^^^^^^^^^^
  File "/usr/lib/python3.12/importlib/__init__.py", line 90, in import_module
    return _bootstrap._gcd_import(name[level:], package, level)
           ^^^^^^^^^^^^^^^^^^^^^^^^^^^^^^^^^^^^^^^^^^^^^^^^^^^^
  File "<frozen importlib._bootstrap>", line 1387, in _gcd_import
  File "<frozen importlib._bootstrap>", line 1360, in _find_and_load
  File "<frozen importlib._bootstrap>", line 1331, in _find_and_load_unlocked
  File "<frozen importlib._bootstrap>", line 935, in _load_unlocked
  File "<frozen importlib._bootstrap_external>", line 995, in exec_module
  File "<frozen importlib._bootstrap>", line 488, in _call_with_frames_removed
  File "/home/user/Development/code/phase-5/TechHub/backend/app/main.py", line 6, in <module>
    from app.routes import auth, users, content, comments, categories, notifications, wishlist, admin_enhanced
  File "/home/user/Development/code/phase-5/TechHub/backend/app/routes/auth.py", line 278, in <module>
    @router.post("/upload-avatar")
     ^^^^^^^^^^^^^^^^^^^^^^^^^^^^^
  File "/home/user/.local/lib/python3.12/site-packages/fastapi/routing.py", line 944, in decorator
    self.add_api_route(
  File "/home/user/.local/lib/python3.12/site-packages/fastapi/routing.py", line 883, in add_api_route
    route = route_class(
            ^^^^^^^^^^^^
  File "/home/user/.local/lib/python3.12/site-packages/fastapi/routing.py", line 519, in __init__
    self.body_field = get_body_field(dependant=self.dependant, name=self.unique_id)
                      ^^^^^^^^^^^^^^^^^^^^^^^^^^^^^^^^^^^^^^^^^^^^^^^^^^^^^^^^^^^^^
  File "/home/user/.local/lib/python3.12/site-packages/fastapi/dependencies/utils.py", line 815, in get_body_field
    check_file_field(final_field)
  File "/home/user/.local/lib/python3.12/site-packages/fastapi/dependencies/utils.py", line 100, in check_file_field
    raise RuntimeError(multipart_not_installed_error) from None
RuntimeError: Form data requires "python-multipart" to be installed. 
You can install "python-multipart" with: 

pip install python-multipart

WARNING:  StatReload detected changes in 'app/routes/content.py'. Reloading...
Form data requires "python-multipart" to be installed. 
You can install "python-multipart" with: 

pip install python-multipart

Process SpawnProcess-4:
Traceback (most recent call last):
  File "/usr/lib/python3.12/multiprocessing/process.py", line 314, in _bootstrap
    self.run()
  File "/usr/lib/python3.12/multiprocessing/process.py", line 108, in run
    self._target(*self._args, **self._kwargs)
  File "/home/user/.local/lib/python3.12/site-packages/uvicorn/_subprocess.py", line 78, in subprocess_started
    target(sockets=sockets)
  File "/home/user/.local/lib/python3.12/site-packages/uvicorn/server.py", line 62, in run
    return asyncio.run(self.serve(sockets=sockets))
           ^^^^^^^^^^^^^^^^^^^^^^^^^^^^^^^^^^^^^^^^
  File "/usr/lib/python3.12/asyncio/runners.py", line 194, in run
    return runner.run(main)
           ^^^^^^^^^^^^^^^^
  File "/usr/lib/python3.12/asyncio/runners.py", line 118, in run
    return self._loop.run_until_complete(task)
           ^^^^^^^^^^^^^^^^^^^^^^^^^^^^^^^^^^^
  File "/usr/lib/python3.12/asyncio/base_events.py", line 687, in run_until_complete
    return future.result()
           ^^^^^^^^^^^^^^^
  File "/home/user/.local/lib/python3.12/site-packages/uvicorn/server.py", line 69, in serve
    config.load()
  File "/home/user/.local/lib/python3.12/site-packages/uvicorn/config.py", line 458, in load
    self.loaded_app = import_from_string(self.app)
                      ^^^^^^^^^^^^^^^^^^^^^^^^^^^^
  File "/home/user/.local/lib/python3.12/site-packages/uvicorn/importer.py", line 21, in import_from_string
    module = importlib.import_module(module_str)
             ^^^^^^^^^^^^^^^^^^^^^^^^^^^^^^^^^^^
  File "/usr/lib/python3.12/importlib/__init__.py", line 90, in import_module
    return _bootstrap._gcd_import(name[level:], package, level)
           ^^^^^^^^^^^^^^^^^^^^^^^^^^^^^^^^^^^^^^^^^^^^^^^^^^^^
  File "<frozen importlib._bootstrap>", line 1387, in _gcd_import
  File "<frozen importlib._bootstrap>", line 1360, in _find_and_load
  File "<frozen importlib._bootstrap>", line 1331, in _find_and_load_unlocked
  File "<frozen importlib._bootstrap>", line 935, in _load_unlocked
  File "<frozen importlib._bootstrap_external>", line 995, in exec_module
  File "<frozen importlib._bootstrap>", line 488, in _call_with_frames_removed
  File "/home/user/Development/code/phase-5/TechHub/backend/app/main.py", line 6, in <module>
    from app.routes import auth, users, content, comments, categories, notifications, wishlist, admin_enhanced
  File "/home/user/Development/code/phase-5/TechHub/backend/app/routes/auth.py", line 278, in <module>
    @router.post("/upload-avatar")
     ^^^^^^^^^^^^^^^^^^^^^^^^^^^^^
  File "/home/user/.local/lib/python3.12/site-packages/fastapi/routing.py", line 944, in decorator
    self.add_api_route(
  File "/home/user/.local/lib/python3.12/site-packages/fastapi/routing.py", line 883, in add_api_route
    route = route_class(
            ^^^^^^^^^^^^
  File "/home/user/.local/lib/python3.12/site-packages/fastapi/routing.py", line 519, in __init__
    self.body_field = get_body_field(dependant=self.dependant, name=self.unique_id)
                      ^^^^^^^^^^^^^^^^^^^^^^^^^^^^^^^^^^^^^^^^^^^^^^^^^^^^^^^^^^^^^
  File "/home/user/.local/lib/python3.12/site-packages/fastapi/dependencies/utils.py", line 815, in get_body_field
    check_file_field(final_field)
  File "/home/user/.local/lib/python3.12/site-packages/fastapi/dependencies/utils.py", line 100, in check_file_field
    raise RuntimeError(multipart_not_installed_error) from None
RuntimeError: Form data requires "python-multipart" to be installed. 
You can install "python-multipart" with: 

pip install python-multipart

WARNING:  StatReload detected changes in 'app/routes/content.py'. Reloading...
Form data requires "python-multipart" to be installed. 
You can install "python-multipart" with: 

pip install python-multipart

Process SpawnProcess-5:
Traceback (most recent call last):
  File "/usr/lib/python3.12/multiprocessing/process.py", line 314, in _bootstrap
    self.run()
  File "/usr/lib/python3.12/multiprocessing/process.py", line 108, in run
    self._target(*self._args, **self._kwargs)
  File "/home/user/.local/lib/python3.12/site-packages/uvicorn/_subprocess.py", line 78, in subprocess_started
    target(sockets=sockets)
  File "/home/user/.local/lib/python3.12/site-packages/uvicorn/server.py", line 62, in run
    return asyncio.run(self.serve(sockets=sockets))
           ^^^^^^^^^^^^^^^^^^^^^^^^^^^^^^^^^^^^^^^^
  File "/usr/lib/python3.12/asyncio/runners.py", line 194, in run
    return runner.run(main)
           ^^^^^^^^^^^^^^^^
  File "/usr/lib/python3.12/asyncio/runners.py", line 118, in run
    return self._loop.run_until_complete(task)
           ^^^^^^^^^^^^^^^^^^^^^^^^^^^^^^^^^^^
  File "/usr/lib/python3.12/asyncio/base_events.py", line 687, in run_until_complete
    return future.result()
           ^^^^^^^^^^^^^^^
  File "/home/user/.local/lib/python3.12/site-packages/uvicorn/server.py", line 69, in serve
    config.load()
  File "/home/user/.local/lib/python3.12/site-packages/uvicorn/config.py", line 458, in load
    self.loaded_app = import_from_string(self.app)
                      ^^^^^^^^^^^^^^^^^^^^^^^^^^^^
  File "/home/user/.local/lib/python3.12/site-packages/uvicorn/importer.py", line 21, in import_from_string
    module = importlib.import_module(module_str)
             ^^^^^^^^^^^^^^^^^^^^^^^^^^^^^^^^^^^
  File "/usr/lib/python3.12/importlib/__init__.py", line 90, in import_module
    return _bootstrap._gcd_import(name[level:], package, level)
           ^^^^^^^^^^^^^^^^^^^^^^^^^^^^^^^^^^^^^^^^^^^^^^^^^^^^
  File "<frozen importlib._bootstrap>", line 1387, in _gcd_import
  File "<frozen importlib._bootstrap>", line 1360, in _find_and_load
  File "<frozen importlib._bootstrap>", line 1331, in _find_and_load_unlocked
  File "<frozen importlib._bootstrap>", line 935, in _load_unlocked
  File "<frozen importlib._bootstrap_external>", line 995, in exec_module
  File "<frozen importlib._bootstrap>", line 488, in _call_with_frames_removed
  File "/home/user/Development/code/phase-5/TechHub/backend/app/main.py", line 6, in <module>
    from app.routes import auth, users, content, comments, categories, notifications, wishlist, admin_enhanced
  File "/home/user/Development/code/phase-5/TechHub/backend/app/routes/auth.py", line 278, in <module>
    @router.post("/upload-avatar")
     ^^^^^^^^^^^^^^^^^^^^^^^^^^^^^
  File "/home/user/.local/lib/python3.12/site-packages/fastapi/routing.py", line 944, in decorator
    self.add_api_route(
  File "/home/user/.local/lib/python3.12/site-packages/fastapi/routing.py", line 883, in add_api_route
    route = route_class(
            ^^^^^^^^^^^^
  File "/home/user/.local/lib/python3.12/site-packages/fastapi/routing.py", line 519, in __init__
    self.body_field = get_body_field(dependant=self.dependant, name=self.unique_id)
                      ^^^^^^^^^^^^^^^^^^^^^^^^^^^^^^^^^^^^^^^^^^^^^^^^^^^^^^^^^^^^^
  File "/home/user/.local/lib/python3.12/site-packages/fastapi/dependencies/utils.py", line 815, in get_body_field
    check_file_field(final_field)
  File "/home/user/.local/lib/python3.12/site-packages/fastapi/dependencies/utils.py", line 100, in check_file_field
    raise RuntimeError(multipart_not_installed_error) from None
RuntimeError: Form data requires "python-multipart" to be installed. 
You can install "python-multipart" with: 

pip install python-multipart

WARNING:  StatReload detected changes in 'app/routes/content.py'. Reloading...
Form data requires "python-multipart" to be installed. 
You can install "python-multipart" with: 

pip install python-multipart

Process SpawnProcess-6:
Traceback (most recent call last):
  File "/usr/lib/python3.12/multiprocessing/process.py", line 314, in _bootstrap
    self.run()
  File "/usr/lib/python3.12/multiprocessing/process.py", line 108, in run
    self._target(*self._args, **self._kwargs)
  File "/home/user/.local/lib/python3.12/site-packages/uvicorn/_subprocess.py", line 78, in subprocess_started
    target(sockets=sockets)
  File "/home/user/.local/lib/python3.12/site-packages/uvicorn/server.py", line 62, in run
    return asyncio.run(self.serve(sockets=sockets))
           ^^^^^^^^^^^^^^^^^^^^^^^^^^^^^^^^^^^^^^^^
  File "/usr/lib/python3.12/asyncio/runners.py", line 194, in run
    return runner.run(main)
           ^^^^^^^^^^^^^^^^
  File "/usr/lib/python3.12/asyncio/runners.py", line 118, in run
    return self._loop.run_until_complete(task)
           ^^^^^^^^^^^^^^^^^^^^^^^^^^^^^^^^^^^
  File "/usr/lib/python3.12/asyncio/base_events.py", line 687, in run_until_complete
    return future.result()
           ^^^^^^^^^^^^^^^
  File "/home/user/.local/lib/python3.12/site-packages/uvicorn/server.py", line 69, in serve
    config.load()
  File "/home/user/.local/lib/python3.12/site-packages/uvicorn/config.py", line 458, in load
    self.loaded_app = import_from_string(self.app)
                      ^^^^^^^^^^^^^^^^^^^^^^^^^^^^
  File "/home/user/.local/lib/python3.12/site-packages/uvicorn/importer.py", line 21, in import_from_string
    module = importlib.import_module(module_str)
             ^^^^^^^^^^^^^^^^^^^^^^^^^^^^^^^^^^^
  File "/usr/lib/python3.12/importlib/__init__.py", line 90, in import_module
    return _bootstrap._gcd_import(name[level:], package, level)
           ^^^^^^^^^^^^^^^^^^^^^^^^^^^^^^^^^^^^^^^^^^^^^^^^^^^^
  File "<frozen importlib._bootstrap>", line 1387, in _gcd_import
  File "<frozen importlib._bootstrap>", line 1360, in _find_and_load
  File "<frozen importlib._bootstrap>", line 1331, in _find_and_load_unlocked
  File "<frozen importlib._bootstrap>", line 935, in _load_unlocked
  File "<frozen importlib._bootstrap_external>", line 995, in exec_module
  File "<frozen importlib._bootstrap>", line 488, in _call_with_frames_removed
  File "/home/user/Development/code/phase-5/TechHub/backend/app/main.py", line 6, in <module>
    from app.routes import auth, users, content, comments, categories, notifications, wishlist, admin_enhanced
  File "/home/user/Development/code/phase-5/TechHub/backend/app/routes/auth.py", line 278, in <module>
    @router.post("/upload-avatar")
     ^^^^^^^^^^^^^^^^^^^^^^^^^^^^^
  File "/home/user/.local/lib/python3.12/site-packages/fastapi/routing.py", line 944, in decorator
    self.add_api_route(
  File "/home/user/.local/lib/python3.12/site-packages/fastapi/routing.py", line 883, in add_api_route
    route = route_class(
            ^^^^^^^^^^^^
  File "/home/user/.local/lib/python3.12/site-packages/fastapi/routing.py", line 519, in __init__
    self.body_field = get_body_field(dependant=self.dependant, name=self.unique_id)
                      ^^^^^^^^^^^^^^^^^^^^^^^^^^^^^^^^^^^^^^^^^^^^^^^^^^^^^^^^^^^^^
  File "/home/user/.local/lib/python3.12/site-packages/fastapi/dependencies/utils.py", line 815, in get_body_field
    check_file_field(final_field)
  File "/home/user/.local/lib/python3.12/site-packages/fastapi/dependencies/utils.py", line 100, in check_file_field
    raise RuntimeError(multipart_not_installed_error) from None
RuntimeError: Form data requires "python-multipart" to be installed. 
You can install "python-multipart" with: 

pip install python-multipart

